#
# There is insufficient memory for the Java Runtime Environment to continue.
# Native memory allocation (mmap) failed to map 132120576 bytes for G1 virtual space
# Possible reasons:
#   The system is out of physical RAM or swap space
#   The process is running with CompressedOops enabled, and the Java Heap may be blocking the growth of the native heap
# Possible solutions:
#   Reduce memory load on the system
#   Increase physical memory or swap space
#   Check if swap backing store is full
#   Decrease Java heap size (-Xmx/-Xms)
#   Decrease number of Java threads
#   Decrease Java thread stack sizes (-Xss)
#   Set larger code cache with -XX:ReservedCodeCacheSize=
#   JVM is running with Unscaled Compressed Oops mode in which the Java heap is
#     placed in the first 4GB address space. The Java Heap base address is the
#     maximum limit for the native heap growth. Please use -XX:HeapBaseMinAddress
#     to set the Java Heap base and to place the Java Heap above 4GB virtual address.
# This output file may be truncated or incomplete.
#
#  Out of Memory Error (os_windows.cpp:3548), pid=14904, tid=17984
#
# JRE version:  (17.0.12+8) (build )
# Java VM: Java HotSpot(TM) 64-Bit Server VM (17.0.12+8-LTS-286, mixed mode, sharing, tiered, compressed oops, compressed class ptrs, g1 gc, windows-amd64)
# No core dump will be written. Minidumps are not enabled by default on client versions of Windows
#

---------------  S U M M A R Y ------------

Command Line: -Dclassworlds.conf=C:\Users\Hp\.m2\wrapper\dists\apache-maven-3.9.10\a38810a491b03367137adfdfbe7d14c4\bin\m2.conf -Dmaven.home=C:\Users\Hp\.m2\wrapper\dists\apache-maven-3.9.10\a38810a491b03367137adfdfbe7d14c4 -Dlibrary.jansi.path=C:\Users\Hp\.m2\wrapper\dists\apache-maven-3.9.10\a38810a491b03367137adfdfbe7d14c4\lib\jansi-native -Dmaven.multiModuleProjectDirectory=C:\NextGenHealthcare\backend org.codehaus.plexus.classworlds.launcher.Launcher spring-boot:run

Host: Intel(R) Core(TM) i5-8350U CPU @ 1.70GHz, 8 cores, 7G,  Windows 11 , 64 bit Build 26100 (10.0.26100.4768)
Time: Sat Nov 22 04:59:13 2025 India Standard Time elapsed time: 0.012194 seconds (0d 0h 0m 0s)

---------------  T H R E A D  ---------------

Current thread (0x00000228d83efbd0):  JavaThread "Unknown thread" [_thread_in_vm, id=17984, stack(0x000000e9d9f00000,0x000000e9da000000)]

Stack: [0x000000e9d9f00000,0x000000e9da000000]
Native frames: (J=compiled Java code, j=interpreted, Vv=VM code, C=native code)
V  [jvm.dll+0x67a04a]
V  [jvm.dll+0x7da4ed]
V  [jvm.dll+0x7dbe33]
V  [jvm.dll+0x7dc4a3]
V  [jvm.dll+0x24508f]
V  [jvm.dll+0x677089]
V  [jvm.dll+0x66bd32]
V  [jvm.dll+0x301fa6]
V  [jvm.dll+0x309546]
V  [jvm.dll+0x359d2e]
V  [jvm.dll+0x359f5f]
V  [jvm.dll+0x2d9078]
V  [jvm.dll+0x2d9fe4]
V  [jvm.dll+0x7aca21]
V  [jvm.dll+0x367591]
V  [jvm.dll+0x78b999]
V  [jvm.dll+0x3ec83f]
V  [jvm.dll+0x3ee471]
C  [jli.dll+0x5297]
C  [ucrtbase.dll+0x37b0]
C  [KERNEL32.DLL+0x2e8d7]
C  [ntdll.dll+0x3c34c]


---------------  P R O C E S S  ---------------

Threads class SMR info:
_java_thread_list=0x00007ff89d277a18, length=0, elements={
}

Java Threads: ( => current thread )

Other Threads:
  0x00000228d844e240 GCTaskThread "GC Thread#0" [stack: 0x000000e9da000000,0x000000e9da100000] [id=8404]
  0x00000228d845ecd0 ConcurrentGCThread "G1 Main Marker" [stack: 0x000000e9da100000,0x000000e9da200000] [id=2432]
  0x00000228d84603b0 ConcurrentGCThread "G1 Conc#0" [stack: 0x000000e9da200000,0x000000e9da300000] [id=9992]

[error occurred during error reporting (printing all threads), id 0xc0000005, EXCEPTION_ACCESS_VIOLATION (0xc0000005) at pc=0x00007ff89caa9b67]

VM state: not at safepoint (not fully initialized)

VM Mutex/Monitor currently owned by a thread:  ([mutex/lock_event])
[0x00000228d83ea180] Heap_lock - owner thread: 0x00000228d83efbd0

Heap address: 0x0000000082600000, size: 2010 MB, Compressed Oops mode: 32-bit

CDS archive(s) mapped at: [0x0000000000000000-0x0000000000000000-0x0000000000000000), size 0, SharedBaseAddress: 0x0000000800000000, ArchiveRelocationMode: 1.
Narrow klass base: 0x0000000000000000, Narrow klass shift: 0, Narrow klass range: 0x0

GC Precious Log:
<Empty>

Heap:
 garbage-first heap   total 0K, used 0K [0x0000000082600000, 0x0000000100000000)
  region size 1024K, 0 young (0K), 0 survivors (0K)

[error occurred during error reporting (printing heap information), id 0xc0000005, EXCEPTION_ACCESS_VIOLATION (0xc0000005) at pc=0x00007ff89ce93859]

GC Heap History (0 events):
No events

Deoptimization events (0 events):
No events

Classes unloaded (0 events):
No events

Classes redefined (0 events):
No events

Internal exceptions (0 events):
No events

VM Operations (0 events):
No events

Events (1 events):
Event: 0.007 Loaded shared library C:\Program Files\Java\jdk-17\bin\java.dll


Dynamic libraries:
0x00007ff6a1200000 - 0x00007ff6a1210000 	C:\Program Files\Java\jdk-17\bin\java.exe
0x00007ff974380000 - 0x00007ff9745e7000 	C:\WINDOWS\SYSTEM32\ntdll.dll
0x00007ff9733b0000 - 0x00007ff973479000 	C:\WINDOWS\System32\KERNEL32.DLL
0x00007ff971570000 - 0x00007ff971960000 	C:\WINDOWS\System32\KERNELBASE.dll
0x00007ff971a40000 - 0x00007ff971b8b000 	C:\WINDOWS\System32\ucrtbase.dll
0x00007ff937be0000 - 0x00007ff937bfb000 	C:\Program Files\Java\jdk-17\bin\VCRUNTIME140.dll
0x00007ff937c00000 - 0x00007ff937c19000 	C:\Program Files\Java\jdk-17\bin\jli.dll
0x00007ff9726a0000 - 0x00007ff972754000 	C:\WINDOWS\System32\ADVAPI32.dll
0x00007ff974120000 - 0x00007ff9741c9000 	C:\WINDOWS\System32\msvcrt.dll
0x00007ff972260000 - 0x00007ff972306000 	C:\WINDOWS\System32\sechost.dll
0x00007ff972110000 - 0x00007ff972228000 	C:\WINDOWS\System32\RPCRT4.dll
0x00007ff972330000 - 0x00007ff9724f5000 	C:\WINDOWS\System32\USER32.dll
0x00007ff971a10000 - 0x00007ff971a37000 	C:\WINDOWS\System32\win32u.dll
0x00007ff95b2e0000 - 0x00007ff95b57a000 	C:\WINDOWS\WinSxS\amd64_microsoft.windows.common-controls_6595b64144ccf1df_6.0.26100.4768_none_3e0c112ce331287c\COMCTL32.dll
0x00007ff972500000 - 0x00007ff97252b000 	C:\WINDOWS\System32\GDI32.dll
0x00007ff971f20000 - 0x00007ff972058000 	C:\WINDOWS\System32\gdi32full.dll
0x00007ff972060000 - 0x00007ff972103000 	C:\WINDOWS\System32\msvcp_win.dll
0x00007ff9684f0000 - 0x00007ff9684fb000 	C:\WINDOWS\SYSTEM32\VERSION.dll
0x00007ff974290000 - 0x00007ff9742bf000 	C:\WINDOWS\System32\IMM32.DLL
0x00007ff9424f0000 - 0x00007ff9424fc000 	C:\Program Files\Java\jdk-17\bin\vcruntime140_1.dll
0x00007ff909910000 - 0x00007ff90999e000 	C:\Program Files\Java\jdk-17\bin\msvcp140.dll
0x00007ff89c7c0000 - 0x00007ff89d3a0000 	C:\Program Files\Java\jdk-17\bin\server\jvm.dll
0x00007ff974280000 - 0x00007ff974288000 	C:\WINDOWS\System32\PSAPI.DLL
0x00007ff949150000 - 0x00007ff94915a000 	C:\WINDOWS\SYSTEM32\WSOCK32.dll
0x00007ff96b5c0000 - 0x00007ff96b5f5000 	C:\WINDOWS\SYSTEM32\WINMM.dll
0x00007ff973860000 - 0x00007ff9738d4000 	C:\WINDOWS\System32\WS2_32.dll
0x00007ff9701f0000 - 0x00007ff97020b000 	C:\WINDOWS\SYSTEM32\kernel.appcore.dll
0x00007ff9417c0000 - 0x00007ff9417ca000 	C:\Program Files\Java\jdk-17\bin\jimage.dll
0x00007ff96eb20000 - 0x00007ff96ed61000 	C:\WINDOWS\SYSTEM32\DBGHELP.DLL
0x00007ff973480000 - 0x00007ff973805000 	C:\WINDOWS\System32\combase.dll
0x00007ff9738e0000 - 0x00007ff9739c0000 	C:\WINDOWS\System32\OLEAUT32.dll
0x00007ff959e50000 - 0x00007ff959e93000 	C:\WINDOWS\SYSTEM32\dbgcore.DLL
0x00007ff971970000 - 0x00007ff971a09000 	C:\WINDOWS\System32\bcryptPrimitives.dll
0x00007ff934ec0000 - 0x00007ff934ee5000 	C:\Program Files\Java\jdk-17\bin\java.dll

dbghelp: loaded successfully - version: 4.0.5 - missing functions: none
symbol engine: initialized successfully - sym options: 0x614 - pdb path: .;C:\Program Files\Java\jdk-17\bin;C:\WINDOWS\SYSTEM32;C:\WINDOWS\WinSxS\amd64_microsoft.windows.common-controls_6595b64144ccf1df_6.0.26100.4768_none_3e0c112ce331287c;C:\Program Files\Java\jdk-17\bin\server

VM Arguments:
jvm_args: -Dclassworlds.conf=C:\Users\Hp\.m2\wrapper\dists\apache-maven-3.9.10\a38810a491b03367137adfdfbe7d14c4\bin\m2.conf -Dmaven.home=C:\Users\Hp\.m2\wrapper\dists\apache-maven-3.9.10\a38810a491b03367137adfdfbe7d14c4 -Dlibrary.jansi.path=C:\Users\Hp\.m2\wrapper\dists\apache-maven-3.9.10\a38810a491b03367137adfdfbe7d14c4\lib\jansi-native -Dmaven.multiModuleProjectDirectory=C:\NextGenHealthcare\backend 
java_command: org.codehaus.plexus.classworlds.launcher.Launcher spring-boot:run
java_class_path (initial): C:\Users\Hp\.m2\wrapper\dists\apache-maven-3.9.10\a38810a491b03367137adfdfbe7d14c4\boot\plexus-classworlds-2.9.0.jar
Launcher Type: SUN_STANDARD

[Global flags]
     intx CICompilerCount                          = 4                                         {product} {ergonomic}
     uint ConcGCThreads                            = 2                                         {product} {ergonomic}
     uint G1ConcRefinementThreads                  = 8                                         {product} {ergonomic}
   size_t G1HeapRegionSize                         = 1048576                                   {product} {ergonomic}
    uintx GCDrainStackTargetSize                   = 64                                        {product} {ergonomic}
   size_t InitialHeapSize                          = 132120576                                 {product} {ergonomic}
   size_t MarkStackSize                            = 4194304                                   {product} {ergonomic}
   size_t MaxHeapSize                              = 2107637760                                {product} {ergonomic}
   size_t MinHeapDeltaBytes                        = 1048576                                   {product} {ergonomic}
   size_t MinHeapSize                              = 8388608                                   {product} {ergonomic}
    uintx NonNMethodCodeHeapSize                   = 5839372                                {pd product} {ergonomic}
    uintx NonProfiledCodeHeapSize                  = 122909434                              {pd product} {ergonomic}
    uintx ProfiledCodeHeapSize                     = 122909434                              {pd product} {ergonomic}
    uintx ReservedCodeCacheSize                    = 251658240                              {pd product} {ergonomic}
     bool SegmentedCodeCache                       = true                                      {product} {ergonomic}
   size_t SoftMaxHeapSize                          = 2107637760                             {manageable} {ergonomic}
     bool UseCompressedClassPointers               = true                           {product lp64_product} {ergonomic}
     bool UseCompressedOops                        = true                           {product lp64_product} {ergonomic}
     bool UseG1GC                                  = true                                      {product} {ergonomic}
     bool UseLargePagesIndividualAllocation        = false                                  {pd product} {ergonomic}

Logging:
Log output configuration:
 #0: stdout all=warning uptime,level,tags
 #1: stderr all=off uptime,level,tags

Environment Variables:
JAVA_HOME=C:\Program Files\Java\jdk-17
PATH=C:\Program Files\Common Files\Oracle\Java\javapath;C:\Program Files (x86)\Common Files\Oracle\Java\javapath;C:\Program Files\Eclipse Adoptium\jdk-17.0.14.7-hotspot\bin;C:\Python312\Scripts\;C:\Python312\;C:\WINDOWS\system32;C:\WINDOWS;C:\WINDOWS\System32\Wbem;C:\WINDOWS\System32\WindowsPowerShell\v1.0\;C:\WINDOWS\System32\OpenSSH\;C:\Program Files\Microsoft SQL Server\150\Tools\Binn\;C:\Program Files\nodejs\;C:\ProgramData\chocolatey\bin;C:\Program Files\Java\jdk-17\bin;C:\Program Files\gradle-8.14.1-bin\gradle-8.14.1\bin;C:\Program Files\apache-maven-3.9.9-bin\apache-maven-3.9.9\bin;C:\Program Files\MySQL\MySQL Server 8.0\bin;C:\Program Files\cursor\resources\app\bin;C:\Program Files\MySQL\MySQL Shell 8.0\bin\;C:\Users\Hp\AppData\Local\Programs\Python\Python313\Scripts\;C:\Users\Hp\AppData\Local\Programs\Python\Python313\;C:\Users\Hp\AppData\Local\Programs\Python\Launcher\;C:\Users\Hp\AppData\Local\Microsoft\WindowsApps;C:\Users\Hp\AppData\Roaming\npm;C:\Users\Hp\AppData\Local\Programs\Microsoft VS Code\bin;C:\Program Files\JetBrains\IntelliJ IDEA Community Edition 2025.2.1\bin
USERNAME=Hp
OS=Windows_NT
PROCESSOR_IDENTIFIER=Intel64 Family 6 Model 142 Stepping 10, GenuineIntel



---------------  S Y S T E M  ---------------

OS:
 Windows 11 , 64 bit Build 26100 (10.0.26100.4768)
OS uptime: 0 days 10:06 hours
Hyper-V role detected

CPU: total 8 (initial active 8) (4 cores per cpu, 2 threads per core) family 6 model 142 stepping 10 microcode 0xf6, cx8, cmov, fxsr, ht, mmx, 3dnowpref, sse, sse2, sse3, ssse3, sse4.1, sse4.2, popcnt, lzcnt, tsc, tscinvbit, avx, avx2, aes, erms, clmul, bmi1, bmi2, rtm, adx, fma, vzeroupper, clflush, clflushopt, hv

Memory: 4k page, system-wide physical 8035M (586M free)
TotalPageFile size 20911M (AvailPageFile size 99M)
current process WorkingSet (physical memory assigned to process): 12M, peak: 12M
current process commit charge ("private bytes"): 60M, peak: 186M

vm_info: Java HotSpot(TM) 64-Bit Server VM (17.0.12+8-LTS-286) for windows-amd64 JRE (17.0.12+8-LTS-286), built on Jun  5 2024 06:46:59 by "mach5one" with MS VC++ 17.6 (VS2022)

END.
