#
# There is insufficient memory for the Java Runtime Environment to continue.
# Native memory allocation (mmap) failed to map 68157440 bytes for G1 virtual space
# Possible reasons:
#   The system is out of physical RAM or swap space
#   The process is running with CompressedOops enabled, and the Java Heap may be blocking the growth of the native heap
# Possible solutions:
#   Reduce memory load on the system
#   Increase physical memory or swap space
#   Check if swap backing store is full
#   Decrease Java heap size (-Xmx/-Xms)
#   Decrease number of Java threads
#   Decrease Java thread stack sizes (-Xss)
#   Set larger code cache with -XX:ReservedCodeCacheSize=
#   JVM is running with Unscaled Compressed Oops mode in which the Java heap is
#     placed in the first 4GB address space. The Java Heap base address is the
#     maximum limit for the native heap growth. Please use -XX:HeapBaseMinAddress
#     to set the Java Heap base and to place the Java Heap above 4GB virtual address.
# This output file may be truncated or incomplete.
#
#  Out of Memory Error (os_windows.cpp:3548), pid=7960, tid=19648
#
# JRE version: Java(TM) SE Runtime Environment (17.0.12+8) (build 17.0.12+8-LTS-286)
# Java VM: Java HotSpot(TM) 64-Bit Server VM (17.0.12+8-LTS-286, mixed mode, sharing, tiered, compressed oops, compressed class ptrs, g1 gc, windows-amd64)
# No core dump will be written. Minidumps are not enabled by default on client versions of Windows
#

---------------  S U M M A R Y ------------

Command Line: --enable-native-access=ALL-UNNAMED -Dclassworlds.conf=C:\Users\Hp\.m2\wrapper\dists\apache-maven-3.9.10\a38810a491b03367137adfdfbe7d14c4\bin\m2.conf -Dmaven.home=C:\Users\Hp\.m2\wrapper\dists\apache-maven-3.9.10\a38810a491b03367137adfdfbe7d14c4 -Dlibrary.jansi.path=C:\Users\Hp\.m2\wrapper\dists\apache-maven-3.9.10\a38810a491b03367137adfdfbe7d14c4\lib\jansi-native -Dmaven.multiModuleProjectDirectory=C:\backend\backend org.codehaus.plexus.classworlds.launcher.Launcher spring-boot:run

Host: Intel(R) Core(TM) i5-8350U CPU @ 1.70GHz, 8 cores, 7G,  Windows 11 , 64 bit Build 26100 (10.0.26100.4768)
Time: Tue Nov 11 21:34:53 2025 India Standard Time elapsed time: 8.495606 seconds (0d 0h 0m 8s)

---------------  T H R E A D  ---------------

Current thread (0x00000238157c60a0):  VMThread "VM Thread" [stack: 0x000000dba2d00000,0x000000dba2e00000] [id=19648]

Stack: [0x000000dba2d00000,0x000000dba2e00000]
Native frames: (J=compiled Java code, j=interpreted, Vv=VM code, C=native code)
V  [jvm.dll+0x67a04a]
V  [jvm.dll+0x7da4ed]
V  [jvm.dll+0x7dbe33]
V  [jvm.dll+0x7dc4a3]
V  [jvm.dll+0x24508f]
V  [jvm.dll+0x677089]
V  [jvm.dll+0x66bd32]
V  [jvm.dll+0x301fa6]
V  [jvm.dll+0x309546]
V  [jvm.dll+0x359d2e]
V  [jvm.dll+0x359f5f]
V  [jvm.dll+0x2d9078]
V  [jvm.dll+0x2d74ad]
V  [jvm.dll+0x2d6afc]
V  [jvm.dll+0x31a65b]
V  [jvm.dll+0x7e0d9b]
V  [jvm.dll+0x7e1ad4]
V  [jvm.dll+0x7e1fed]
V  [jvm.dll+0x7e23c4]
V  [jvm.dll+0x7e2490]
V  [jvm.dll+0x78abea]
V  [jvm.dll+0x678f35]
C  [ucrtbase.dll+0x37b0]
C  [KERNEL32.DLL+0x2e8d7]
C  [ntdll.dll+0x3c34c]

VM_Operation (0x000000dba27f8890): G1CollectForAllocation, mode: safepoint, requested by thread 0x0000023875870f30


---------------  P R O C E S S  ---------------

Threads class SMR info:
_java_thread_list=0x000002385d3ec320, length=15, elements={
0x0000023875870f30, 0x00000238157ca6b0, 0x00000238157cb270, 0x00000238157e2fb0,
0x00000238157e3a70, 0x00000238157e4fa0, 0x00000238157e64d0, 0x00000238157e7de0,
0x00000238157f4430, 0x00000238157f8330, 0x0000023815a4ecc0, 0x0000023815a59870,
0x000002385b08f8f0, 0x000002385bfdf0d0, 0x000002385d5e3aa0
}

Java Threads: ( => current thread )
  0x0000023875870f30 JavaThread "main" [_thread_blocked, id=6556, stack(0x000000dba2700000,0x000000dba2800000)]
  0x00000238157ca6b0 JavaThread "Reference Handler" daemon [_thread_blocked, id=16984, stack(0x000000dba2e00000,0x000000dba2f00000)]
  0x00000238157cb270 JavaThread "Finalizer" daemon [_thread_blocked, id=14660, stack(0x000000dba2f00000,0x000000dba3000000)]
  0x00000238157e2fb0 JavaThread "Signal Dispatcher" daemon [_thread_blocked, id=12004, stack(0x000000dba3000000,0x000000dba3100000)]
  0x00000238157e3a70 JavaThread "Attach Listener" daemon [_thread_blocked, id=2072, stack(0x000000dba3100000,0x000000dba3200000)]
  0x00000238157e4fa0 JavaThread "Service Thread" daemon [_thread_blocked, id=328, stack(0x000000dba3200000,0x000000dba3300000)]
  0x00000238157e64d0 JavaThread "Monitor Deflation Thread" daemon [_thread_blocked, id=11884, stack(0x000000dba3300000,0x000000dba3400000)]
  0x00000238157e7de0 JavaThread "C2 CompilerThread0" daemon [_thread_blocked, id=11924, stack(0x000000dba3400000,0x000000dba3500000)]
  0x00000238157f4430 JavaThread "C1 CompilerThread0" daemon [_thread_blocked, id=3236, stack(0x000000dba3500000,0x000000dba3600000)]
  0x00000238157f8330 JavaThread "Sweeper thread" daemon [_thread_blocked, id=8128, stack(0x000000dba3600000,0x000000dba3700000)]
  0x0000023815a4ecc0 JavaThread "Notification Thread" daemon [_thread_blocked, id=9804, stack(0x000000dba3700000,0x000000dba3800000)]
  0x0000023815a59870 JavaThread "Common-Cleaner" daemon [_thread_blocked, id=2512, stack(0x000000dba3900000,0x000000dba3a00000)]
  0x000002385b08f8f0 JavaThread "C2 CompilerThread1" daemon [_thread_blocked, id=3444, stack(0x000000dba3a00000,0x000000dba3b00000)]
  0x000002385bfdf0d0 JavaThread "Thread-1" daemon [_thread_blocked, id=8112, stack(0x000000dba4300000,0x000000dba4400000)]
  0x000002385d5e3aa0 JavaThread "C2 CompilerThread2" daemon [_thread_blocked, id=2116, stack(0x000000dba3b00000,0x000000dba3c00000)]

Other Threads:
=>0x00000238157c60a0 VMThread "VM Thread" [stack: 0x000000dba2d00000,0x000000dba2e00000] [id=19648]
  0x0000023815a4f5b0 WatcherThread [stack: 0x000000dba3800000,0x000000dba3900000] [id=20444]
  0x00000238758cb480 GCTaskThread "GC Thread#0" [stack: 0x000000dba2800000,0x000000dba2900000] [id=15152]
  0x0000023815c02100 GCTaskThread "GC Thread#1" [stack: 0x000000dba3c00000,0x000000dba3d00000] [id=5244]
  0x000002385b4b0ea0 GCTaskThread "GC Thread#2" [stack: 0x000000dba3d00000,0x000000dba3e00000] [id=6904]
  0x000002385baa61f0 GCTaskThread "GC Thread#3" [stack: 0x000000dba3e00000,0x000000dba3f00000] [id=13608]
  0x000002385ba2fd70 GCTaskThread "GC Thread#4" [stack: 0x000000dba3f00000,0x000000dba4000000] [id=1004]
  0x000002385ba30030 GCTaskThread "GC Thread#5" [stack: 0x000000dba4000000,0x000000dba4100000] [id=19508]
  0x000002385b9fca60 GCTaskThread "GC Thread#6" [stack: 0x000000dba4100000,0x000000dba4200000] [id=4632]
  0x000002385bddc690 GCTaskThread "GC Thread#7" [stack: 0x000000dba4200000,0x000000dba4300000] [id=18424]
  0x00000238758dbf10 ConcurrentGCThread "G1 Main Marker" [stack: 0x000000dba2900000,0x000000dba2a00000] [id=668]
  0x00000238758de940 ConcurrentGCThread "G1 Conc#0" [stack: 0x000000dba2a00000,0x000000dba2b00000] [id=19204]
  0x000002385d346450 ConcurrentGCThread "G1 Conc#1" [stack: 0x000000dba4400000,0x000000dba4500000] [id=17508]
  0x00000238156820c0 ConcurrentGCThread "G1 Refine#0" [stack: 0x000000dba2b00000,0x000000dba2c00000] [id=17312]
  0x0000023815c1c120 ConcurrentGCThread "G1 Refine#1" [stack: 0x000000dba4500000,0x000000dba4600000] [id=17324]
  0x00000238156839a0 ConcurrentGCThread "G1 Service" [stack: 0x000000dba2c00000,0x000000dba2d00000] [id=2740]

Threads with active compile tasks:
C2 CompilerThread0     8541 5628   !   4       com.sun.tools.javac.jvm.ClassReader::classSigToType (497 bytes)
C1 CompilerThread0     8541 6068       3       lombok.launch.ClassFileMetaData::<init> (283 bytes)
C2 CompilerThread1     8541 5905       4       com.sun.tools.javac.jvm.PoolReader::resolve (344 bytes)
C2 CompilerThread2     8541 5891       4       com.sun.tools.javac.code.Symtab::lookupPackage (259 bytes)

VM state: at safepoint (normal execution)

VM Mutex/Monitor currently owned by a thread:  ([mutex/lock_event])
[0x000002387586a510] Threads_lock - owner thread: 0x00000238157c60a0
[0x000002387586b200] Heap_lock - owner thread: 0x0000023875870f30

Heap address: 0x0000000082600000, size: 2010 MB, Compressed Oops mode: 32-bit

CDS archive(s) mapped at: [0x0000023816000000-0x0000023816bd0000-0x0000023816bd0000), size 12386304, SharedBaseAddress: 0x0000023816000000, ArchiveRelocationMode: 1.
Compressed class space mapped at: 0x0000023817000000-0x0000023857000000, reserved size: 1073741824
Narrow klass base: 0x0000023816000000, Narrow klass shift: 0, Narrow klass range: 0x100000000

GC Precious Log:
 CPUs: 8 total, 8 available
 Memory: 8035M
 Large Page Support: Disabled
 NUMA Support: Disabled
 Compressed Oops: Enabled (32-bit)
 Heap Region Size: 1M
 Heap Min Capacity: 8M
 Heap Initial Capacity: 126M
 Heap Max Capacity: 2010M
 Pre-touch: Disabled
 Parallel Workers: 8
 Concurrent Workers: 2
 Concurrent Refinement Workers: 8
 Periodic GC: Disabled

Heap:
 garbage-first heap   total 134144K, used 39920K [0x0000000082600000, 0x0000000100000000)
  region size 1024K, 4 young (4096K), 4 survivors (4096K)
 Metaspace       used 27014K, committed 27328K, reserved 1114112K
  class space    used 3114K, committed 3264K, reserved 1048576K

Heap Regions: E=young(eden), S=young(survivor), O=old, HS=humongous(starts), HC=humongous(continues), CS=collection set, F=free, OA=open archive, CA=closed archive, TAMS=top-at-mark-start (previous, next)
|   0|0x0000000082600000, 0x0000000082700000, 0x0000000082700000|100%| O|  |TAMS 0x0000000082700000, 0x0000000082600000| Untracked 
|   1|0x0000000082700000, 0x0000000082800000, 0x0000000082800000|100%| O|  |TAMS 0x0000000082800000, 0x0000000082700000| Untracked 
|   2|0x0000000082800000, 0x0000000082900000, 0x0000000082900000|100%| O|  |TAMS 0x0000000082900000, 0x0000000082800000| Untracked 
|   3|0x0000000082900000, 0x0000000082a00000, 0x0000000082a00000|100%| O|  |TAMS 0x0000000082a00000, 0x0000000082900000| Untracked 
|   4|0x0000000082a00000, 0x0000000082b00000, 0x0000000082b00000|100%| O|  |TAMS 0x0000000082a00000, 0x0000000082a00000| Untracked 
|   5|0x0000000082b00000, 0x0000000082c00000, 0x0000000082c00000|100%| O|  |TAMS 0x0000000082b00000, 0x0000000082b00000| Untracked 
|   6|0x0000000082c00000, 0x0000000082d00000, 0x0000000082d00000|100%|HS|  |TAMS 0x0000000082d00000, 0x0000000082c00000| Complete 
|   7|0x0000000082d00000, 0x0000000082e00000, 0x0000000082e00000|100%|HC|  |TAMS 0x0000000082e00000, 0x0000000082d00000| Complete 
|   8|0x0000000082e00000, 0x0000000082f00000, 0x0000000082f00000|100%|HS|  |TAMS 0x0000000082e00000, 0x0000000082e00000| Complete 
|   9|0x0000000082f00000, 0x0000000083000000, 0x0000000083000000|100%| O|  |TAMS 0x0000000082f00000, 0x0000000082f00000| Untracked 
|  10|0x0000000083000000, 0x0000000083100000, 0x0000000083100000|100%| O|  |TAMS 0x0000000083000000, 0x0000000083000000| Untracked 
|  11|0x0000000083100000, 0x0000000083200000, 0x0000000083200000|100%| O|  |TAMS 0x0000000083100000, 0x0000000083100000| Untracked 
|  12|0x0000000083200000, 0x0000000083300000, 0x0000000083300000|100%| O|  |TAMS 0x0000000083200000, 0x0000000083200000| Untracked 
|  13|0x0000000083300000, 0x0000000083400000, 0x0000000083400000|100%| O|  |TAMS 0x0000000083300000, 0x0000000083300000| Untracked 
|  14|0x0000000083400000, 0x0000000083500000, 0x0000000083500000|100%| O|  |TAMS 0x0000000083400000, 0x0000000083400000| Untracked 
|  15|0x0000000083500000, 0x0000000083600000, 0x0000000083600000|100%| O|  |TAMS 0x0000000083500000, 0x0000000083500000| Untracked 
|  16|0x0000000083600000, 0x0000000083700000, 0x0000000083700000|100%| O|  |TAMS 0x0000000083600000, 0x0000000083600000| Untracked 
|  17|0x0000000083700000, 0x0000000083800000, 0x0000000083800000|100%| O|  |TAMS 0x0000000083700000, 0x0000000083700000| Untracked 
|  18|0x0000000083800000, 0x0000000083900000, 0x0000000083900000|100%|HS|  |TAMS 0x0000000083800000, 0x0000000083800000| Complete 
|  19|0x0000000083900000, 0x0000000083900000, 0x0000000083a00000|  0%| F|  |TAMS 0x0000000083900000, 0x0000000083900000| Untracked 
|  20|0x0000000083a00000, 0x0000000083a00000, 0x0000000083b00000|  0%| F|  |TAMS 0x0000000083a00000, 0x0000000083a00000| Untracked 
|  21|0x0000000083b00000, 0x0000000083b00000, 0x0000000083c00000|  0%| F|  |TAMS 0x0000000083b00000, 0x0000000083b00000| Untracked 
|  22|0x0000000083c00000, 0x0000000083c00000, 0x0000000083d00000|  0%| F|  |TAMS 0x0000000083c00000, 0x0000000083c00000| Untracked 
|  23|0x0000000083d00000, 0x0000000083d00000, 0x0000000083e00000|  0%| F|  |TAMS 0x0000000083d00000, 0x0000000083d00000| Untracked 
|  24|0x0000000083e00000, 0x0000000083f00000, 0x0000000083f00000|100%| O|  |TAMS 0x0000000083e00000, 0x0000000083e00000| Untracked 
|  25|0x0000000083f00000, 0x0000000084000000, 0x0000000084000000|100%| O|  |TAMS 0x0000000083f00000, 0x0000000083f00000| Untracked 
|  26|0x0000000084000000, 0x0000000084100000, 0x0000000084100000|100%| O|  |TAMS 0x0000000084000000, 0x0000000084000000| Untracked 
|  27|0x0000000084100000, 0x0000000084200000, 0x0000000084200000|100%| O|  |TAMS 0x0000000084100000, 0x0000000084100000| Untracked 
|  28|0x0000000084200000, 0x0000000084280000, 0x0000000084300000| 50%| O|  |TAMS 0x0000000084200000, 0x0000000084200000| Untracked 
|  29|0x0000000084300000, 0x0000000084300000, 0x0000000084400000|  0%| F|  |TAMS 0x0000000084300000, 0x0000000084300000| Untracked 
|  30|0x0000000084400000, 0x0000000084400000, 0x0000000084500000|  0%| F|  |TAMS 0x0000000084400000, 0x0000000084400000| Untracked 
|  31|0x0000000084500000, 0x0000000084500000, 0x0000000084600000|  0%| F|  |TAMS 0x0000000084500000, 0x0000000084500000| Untracked 
|  32|0x0000000084600000, 0x0000000084600000, 0x0000000084700000|  0%| F|  |TAMS 0x0000000084600000, 0x0000000084600000| Untracked 
|  33|0x0000000084700000, 0x0000000084700000, 0x0000000084800000|  0%| F|  |TAMS 0x0000000084700000, 0x0000000084700000| Untracked 
|  34|0x0000000084800000, 0x0000000084800000, 0x0000000084900000|  0%| F|  |TAMS 0x0000000084800000, 0x0000000084800000| Untracked 
|  35|0x0000000084900000, 0x0000000084900000, 0x0000000084a00000|  0%| F|  |TAMS 0x0000000084900000, 0x0000000084900000| Untracked 
|  36|0x0000000084a00000, 0x0000000084b00000, 0x0000000084b00000|100%| O|  |TAMS 0x0000000084b00000, 0x0000000084a00000| Untracked 
|  37|0x0000000084b00000, 0x0000000084c00000, 0x0000000084c00000|100%| O|  |TAMS 0x0000000084c00000, 0x0000000084b00000| Untracked 
|  38|0x0000000084c00000, 0x0000000084d00000, 0x0000000084d00000|100%| O|  |TAMS 0x0000000084d00000, 0x0000000084c00000| Untracked 
|  39|0x0000000084d00000, 0x0000000084e00000, 0x0000000084e00000|100%| O|  |TAMS 0x0000000084e00000, 0x0000000084d00000| Untracked 
|  40|0x0000000084e00000, 0x0000000084f00000, 0x0000000084f00000|100%| O|  |TAMS 0x0000000084f00000, 0x0000000084e00000| Untracked 
|  41|0x0000000084f00000, 0x0000000084f00000, 0x0000000085000000|  0%| F|  |TAMS 0x0000000084f00000, 0x0000000084f00000| Untracked 
|  42|0x0000000085000000, 0x0000000085000000, 0x0000000085100000|  0%| F|  |TAMS 0x0000000085000000, 0x0000000085000000| Untracked 
|  43|0x0000000085100000, 0x0000000085100000, 0x0000000085200000|  0%| F|  |TAMS 0x0000000085100000, 0x0000000085100000| Untracked 
|  44|0x0000000085200000, 0x0000000085200000, 0x0000000085300000|  0%| F|  |TAMS 0x0000000085200000, 0x0000000085200000| Untracked 
|  45|0x0000000085300000, 0x0000000085300000, 0x0000000085400000|  0%| F|  |TAMS 0x0000000085300000, 0x0000000085300000| Untracked 
|  46|0x0000000085400000, 0x0000000085400000, 0x0000000085500000|  0%| F|  |TAMS 0x0000000085400000, 0x0000000085400000| Untracked 
|  47|0x0000000085500000, 0x0000000085500000, 0x0000000085600000|  0%| F|  |TAMS 0x0000000085500000, 0x0000000085500000| Untracked 
|  48|0x0000000085600000, 0x000000008567c3c8, 0x0000000085700000| 48%| S|CS|TAMS 0x0000000085600000, 0x0000000085600000| Complete 
|  49|0x0000000085700000, 0x0000000085800000, 0x0000000085800000|100%| S|CS|TAMS 0x0000000085700000, 0x0000000085700000| Complete 
|  50|0x0000000085800000, 0x0000000085900000, 0x0000000085900000|100%| S|CS|TAMS 0x0000000085800000, 0x0000000085800000| Complete 
|  51|0x0000000085900000, 0x0000000085a00000, 0x0000000085a00000|100%| O|  |TAMS 0x0000000085a00000, 0x0000000085900000| Untracked 
|  52|0x0000000085a00000, 0x0000000085b00000, 0x0000000085b00000|100%| O|  |TAMS 0x0000000085b00000, 0x0000000085a00000| Untracked 
|  53|0x0000000085b00000, 0x0000000085c00000, 0x0000000085c00000|100%| S|CS|TAMS 0x0000000085b00000, 0x0000000085b00000| Complete 
|  54|0x0000000085c00000, 0x0000000085c00000, 0x0000000085d00000|  0%| F|  |TAMS 0x0000000085c00000, 0x0000000085c00000| Untracked 
|  55|0x0000000085d00000, 0x0000000085d00000, 0x0000000085e00000|  0%| F|  |TAMS 0x0000000085d00000, 0x0000000085d00000| Untracked 
|  56|0x0000000085e00000, 0x0000000085e00000, 0x0000000085f00000|  0%| F|  |TAMS 0x0000000085e00000, 0x0000000085e00000| Untracked 
|  57|0x0000000085f00000, 0x0000000085f00000, 0x0000000086000000|  0%| F|  |TAMS 0x0000000085f00000, 0x0000000085f00000| Untracked 
|  58|0x0000000086000000, 0x0000000086000000, 0x0000000086100000|  0%| F|  |TAMS 0x0000000086000000, 0x0000000086000000| Untracked 
|  59|0x0000000086100000, 0x0000000086100000, 0x0000000086200000|  0%| F|  |TAMS 0x0000000086100000, 0x0000000086100000| Untracked 
|  60|0x0000000086200000, 0x0000000086200000, 0x0000000086300000|  0%| F|  |TAMS 0x0000000086200000, 0x0000000086200000| Untracked 
|  61|0x0000000086300000, 0x0000000086300000, 0x0000000086400000|  0%| F|  |TAMS 0x0000000086300000, 0x0000000086300000| Untracked 
|  62|0x0000000086400000, 0x0000000086400000, 0x0000000086500000|  0%| F|  |TAMS 0x0000000086400000, 0x0000000086400000| Untracked 
|  63|0x0000000086500000, 0x0000000086500000, 0x0000000086600000|  0%| F|  |TAMS 0x0000000086500000, 0x0000000086500000| Untracked 
|  64|0x0000000086600000, 0x0000000086600000, 0x0000000086700000|  0%| F|  |TAMS 0x0000000086600000, 0x0000000086600000| Untracked 
|  65|0x0000000086700000, 0x0000000086700000, 0x0000000086800000|  0%| F|  |TAMS 0x0000000086700000, 0x0000000086700000| Untracked 
|  66|0x0000000086800000, 0x0000000086800000, 0x0000000086900000|  0%| F|  |TAMS 0x0000000086800000, 0x0000000086800000| Untracked 
|  67|0x0000000086900000, 0x0000000086900000, 0x0000000086a00000|  0%| F|  |TAMS 0x0000000086900000, 0x0000000086900000| Untracked 
|  68|0x0000000086a00000, 0x0000000086a00000, 0x0000000086b00000|  0%| F|  |TAMS 0x0000000086a00000, 0x0000000086a00000| Untracked 
|  69|0x0000000086b00000, 0x0000000086b00000, 0x0000000086c00000|  0%| F|  |TAMS 0x0000000086b00000, 0x0000000086b00000| Untracked 
|  70|0x0000000086c00000, 0x0000000086c00000, 0x0000000086d00000|  0%| F|  |TAMS 0x0000000086c00000, 0x0000000086c00000| Untracked 
|  71|0x0000000086d00000, 0x0000000086d00000, 0x0000000086e00000|  0%| F|  |TAMS 0x0000000086d00000, 0x0000000086d00000| Untracked 
|  72|0x0000000086e00000, 0x0000000086e00000, 0x0000000086f00000|  0%| F|  |TAMS 0x0000000086e00000, 0x0000000086e00000| Untracked 
|  73|0x0000000086f00000, 0x0000000086f00000, 0x0000000087000000|  0%| F|  |TAMS 0x0000000086f00000, 0x0000000086f00000| Untracked 
|  74|0x0000000087000000, 0x0000000087000000, 0x0000000087100000|  0%| F|  |TAMS 0x0000000087000000, 0x0000000087000000| Untracked 
|  75|0x0000000087100000, 0x0000000087100000, 0x0000000087200000|  0%| F|  |TAMS 0x0000000087100000, 0x0000000087100000| Untracked 
|  76|0x0000000087200000, 0x0000000087200000, 0x0000000087300000|  0%| F|  |TAMS 0x0000000087200000, 0x0000000087200000| Untracked 
|  77|0x0000000087300000, 0x0000000087300000, 0x0000000087400000|  0%| F|  |TAMS 0x0000000087300000, 0x0000000087300000| Untracked 
|  78|0x0000000087400000, 0x0000000087400000, 0x0000000087500000|  0%| F|  |TAMS 0x0000000087400000, 0x0000000087400000| Untracked 
|  79|0x0000000087500000, 0x0000000087500000, 0x0000000087600000|  0%| F|  |TAMS 0x0000000087500000, 0x0000000087500000| Untracked 
|  80|0x0000000087600000, 0x0000000087600000, 0x0000000087700000|  0%| F|  |TAMS 0x0000000087600000, 0x0000000087600000| Untracked 
|  81|0x0000000087700000, 0x0000000087700000, 0x0000000087800000|  0%| F|  |TAMS 0x0000000087700000, 0x0000000087700000| Untracked 
|  82|0x0000000087800000, 0x0000000087800000, 0x0000000087900000|  0%| F|  |TAMS 0x0000000087800000, 0x0000000087800000| Untracked 
|  83|0x0000000087900000, 0x0000000087900000, 0x0000000087a00000|  0%| F|  |TAMS 0x0000000087900000, 0x0000000087900000| Untracked 
|  84|0x0000000087a00000, 0x0000000087a00000, 0x0000000087b00000|  0%| F|  |TAMS 0x0000000087a00000, 0x0000000087a00000| Untracked 
|  85|0x0000000087b00000, 0x0000000087b00000, 0x0000000087c00000|  0%| F|  |TAMS 0x0000000087b00000, 0x0000000087b00000| Untracked 
|  86|0x0000000087c00000, 0x0000000087c00000, 0x0000000087d00000|  0%| F|  |TAMS 0x0000000087c00000, 0x0000000087c00000| Untracked 
|  87|0x0000000087d00000, 0x0000000087d00000, 0x0000000087e00000|  0%| F|  |TAMS 0x0000000087d00000, 0x0000000087d00000| Untracked 
|  88|0x0000000087e00000, 0x0000000087e00000, 0x0000000087f00000|  0%| F|  |TAMS 0x0000000087e00000, 0x0000000087e00000| Untracked 
|  89|0x0000000087f00000, 0x0000000087f00000, 0x0000000088000000|  0%| F|  |TAMS 0x0000000087f00000, 0x0000000087f00000| Untracked 
|  90|0x0000000088000000, 0x0000000088000000, 0x0000000088100000|  0%| F|  |TAMS 0x0000000088000000, 0x0000000088000000| Untracked 
|  91|0x0000000088100000, 0x0000000088100000, 0x0000000088200000|  0%| F|  |TAMS 0x0000000088100000, 0x0000000088100000| Untracked 
|  92|0x0000000088200000, 0x0000000088200000, 0x0000000088300000|  0%| F|  |TAMS 0x0000000088200000, 0x0000000088200000| Untracked 
|  93|0x0000000088300000, 0x0000000088300000, 0x0000000088400000|  0%| F|  |TAMS 0x0000000088300000, 0x0000000088300000| Untracked 
|  94|0x0000000088400000, 0x0000000088400000, 0x0000000088500000|  0%| F|  |TAMS 0x0000000088400000, 0x0000000088400000| Untracked 
|  95|0x0000000088500000, 0x0000000088500000, 0x0000000088600000|  0%| F|  |TAMS 0x0000000088500000, 0x0000000088500000| Untracked 
|  96|0x0000000088600000, 0x0000000088600000, 0x0000000088700000|  0%| F|  |TAMS 0x0000000088600000, 0x0000000088600000| Untracked 
|  97|0x0000000088700000, 0x0000000088700000, 0x0000000088800000|  0%| F|  |TAMS 0x0000000088700000, 0x0000000088700000| Untracked 
|  98|0x0000000088800000, 0x0000000088800000, 0x0000000088900000|  0%| F|  |TAMS 0x0000000088800000, 0x0000000088800000| Untracked 
|  99|0x0000000088900000, 0x0000000088900000, 0x0000000088a00000|  0%| F|  |TAMS 0x0000000088900000, 0x0000000088900000| Untracked 
| 100|0x0000000088a00000, 0x0000000088a00000, 0x0000000088b00000|  0%| F|  |TAMS 0x0000000088a00000, 0x0000000088a00000| Untracked 
| 101|0x0000000088b00000, 0x0000000088b00000, 0x0000000088c00000|  0%| F|  |TAMS 0x0000000088b00000, 0x0000000088b00000| Untracked 
| 102|0x0000000088c00000, 0x0000000088c00000, 0x0000000088d00000|  0%| F|  |TAMS 0x0000000088c00000, 0x0000000088c00000| Untracked 
| 103|0x0000000088d00000, 0x0000000088d00000, 0x0000000088e00000|  0%| F|  |TAMS 0x0000000088d00000, 0x0000000088d00000| Untracked 
| 104|0x0000000088e00000, 0x0000000088e00000, 0x0000000088f00000|  0%| F|  |TAMS 0x0000000088e00000, 0x0000000088e00000| Untracked 
| 105|0x0000000088f00000, 0x0000000088f00000, 0x0000000089000000|  0%| F|  |TAMS 0x0000000088f00000, 0x0000000088f00000| Untracked 
| 106|0x0000000089000000, 0x0000000089000000, 0x0000000089100000|  0%| F|  |TAMS 0x0000000089000000, 0x0000000089000000| Untracked 
| 107|0x0000000089100000, 0x0000000089100000, 0x0000000089200000|  0%| F|  |TAMS 0x0000000089100000, 0x0000000089100000| Untracked 
| 108|0x0000000089200000, 0x0000000089200000, 0x0000000089300000|  0%| F|  |TAMS 0x0000000089200000, 0x0000000089200000| Untracked 
| 109|0x0000000089300000, 0x0000000089300000, 0x0000000089400000|  0%| F|  |TAMS 0x0000000089300000, 0x0000000089300000| Untracked 
| 110|0x0000000089400000, 0x0000000089400000, 0x0000000089500000|  0%| F|  |TAMS 0x0000000089400000, 0x0000000089400000| Untracked 
| 111|0x0000000089500000, 0x0000000089500000, 0x0000000089600000|  0%| F|  |TAMS 0x0000000089500000, 0x0000000089500000| Untracked 
| 112|0x0000000089600000, 0x0000000089600000, 0x0000000089700000|  0%| F|  |TAMS 0x0000000089600000, 0x0000000089600000| Untracked 
| 113|0x0000000089700000, 0x0000000089700000, 0x0000000089800000|  0%| F|  |TAMS 0x0000000089700000, 0x0000000089700000| Untracked 
| 114|0x0000000089800000, 0x0000000089800000, 0x0000000089900000|  0%| F|  |TAMS 0x0000000089800000, 0x0000000089800000| Untracked 
| 115|0x0000000089900000, 0x0000000089900000, 0x0000000089a00000|  0%| F|  |TAMS 0x0000000089900000, 0x0000000089900000| Untracked 
| 116|0x0000000089a00000, 0x0000000089a00000, 0x0000000089b00000|  0%| F|  |TAMS 0x0000000089a00000, 0x0000000089a00000| Untracked 
| 117|0x0000000089b00000, 0x0000000089b00000, 0x0000000089c00000|  0%| F|  |TAMS 0x0000000089b00000, 0x0000000089b00000| Untracked 
| 118|0x0000000089c00000, 0x0000000089c00000, 0x0000000089d00000|  0%| F|  |TAMS 0x0000000089c00000, 0x0000000089c00000| Untracked 
| 119|0x0000000089d00000, 0x0000000089d00000, 0x0000000089e00000|  0%| F|  |TAMS 0x0000000089d00000, 0x0000000089d00000| Untracked 
| 120|0x0000000089e00000, 0x0000000089e00000, 0x0000000089f00000|  0%| F|  |TAMS 0x0000000089e00000, 0x0000000089e00000| Untracked 
| 121|0x0000000089f00000, 0x0000000089f00000, 0x000000008a000000|  0%| F|  |TAMS 0x0000000089f00000, 0x0000000089f00000| Untracked 
| 122|0x000000008a000000, 0x000000008a000000, 0x000000008a100000|  0%| F|  |TAMS 0x000000008a000000, 0x000000008a000000| Untracked 
| 123|0x000000008a100000, 0x000000008a100000, 0x000000008a200000|  0%| F|  |TAMS 0x000000008a100000, 0x000000008a100000| Untracked 
| 124|0x000000008a200000, 0x000000008a200000, 0x000000008a300000|  0%| F|  |TAMS 0x000000008a200000, 0x000000008a200000| Untracked 
| 125|0x000000008a300000, 0x000000008a300000, 0x000000008a400000|  0%| F|  |TAMS 0x000000008a300000, 0x000000008a300000| Untracked 
|2005|0x00000000ffb00000, 0x00000000ffc00000, 0x00000000ffc00000|100%| O|  |TAMS 0x00000000ffb00000, 0x00000000ffb00000| Untracked 
|2006|0x00000000ffc00000, 0x00000000ffd00000, 0x00000000ffd00000|100%| O|  |TAMS 0x00000000ffc00000, 0x00000000ffc00000| Untracked 
|2007|0x00000000ffd00000, 0x00000000ffe00000, 0x00000000ffe00000|100%| O|  |TAMS 0x00000000ffd00000, 0x00000000ffd00000| Untracked 
|2008|0x00000000ffe00000, 0x00000000fff00000, 0x00000000fff00000|100%| O|  |TAMS 0x00000000ffe00000, 0x00000000ffe00000| Untracked 
|2009|0x00000000fff00000, 0x0000000100000000, 0x0000000100000000|100%| O|  |TAMS 0x00000000fff00000, 0x00000000fff00000| Untracked 

Card table byte_map: [0x000002387f5c0000,0x000002387f9b0000] _byte_map_base: 0x000002387f1ad000

Marking Bits (Prev, Next): (CMBitMap*) 0x00000238758cbae0, (CMBitMap*) 0x00000238758cbaa0
 Prev Bits: [0x0000023810f70000, 0x0000023812ed8000)
 Next Bits: [0x000002380f000000, 0x0000023810f68000)

Polling page: 0x00000238755c0000

Metaspace:

Usage:
  Non-class:     23.34 MB used.
      Class:      3.04 MB used.
       Both:     26.38 MB used.

Virtual space:
  Non-class space:       64.00 MB reserved,      23.50 MB ( 37%) committed,  1 nodes.
      Class space:        1.00 GB reserved,       3.19 MB ( <1%) committed,  1 nodes.
             Both:        1.06 GB reserved,      26.69 MB (  2%) committed. 

Chunk freelists:
   Non-Class:  7.64 MB
       Class:  12.77 MB
        Both:  20.41 MB

MaxMetaspaceSize: unlimited
CompressedClassSpaceSize: 1.00 GB
Initial GC threshold: 21.00 MB
Current GC threshold: 35.31 MB
CDS: on
MetaspaceReclaimPolicy: balanced
 - commit_granule_bytes: 65536.
 - commit_granule_words: 8192.
 - virtual_space_node_default_size: 8388608.
 - enlarge_chunks_in_place: 1.
 - new_chunks_are_fully_committed: 0.
 - uncommit_free_chunks: 1.
 - use_allocation_guard: 0.
 - handle_deallocations: 1.


Internal statistics:

num_allocs_failed_limit: 3.
num_arena_births: 182.
num_arena_deaths: 0.
num_vsnodes_births: 2.
num_vsnodes_deaths: 0.
num_space_committed: 427.
num_space_uncommitted: 0.
num_chunks_returned_to_freelist: 3.
num_chunks_taken_from_freelist: 1167.
num_chunk_merges: 3.
num_chunk_splits: 814.
num_chunks_enlarged: 634.
num_inconsistent_stats: 0.

CodeHeap 'non-profiled nmethods': size=120000Kb used=2916Kb max_used=3148Kb free=117084Kb
 bounds [0x0000023807ad0000, 0x0000023807e00000, 0x000002380f000000]
CodeHeap 'profiled nmethods': size=120000Kb used=10815Kb max_used=11858Kb free=109184Kb
 bounds [0x0000023800000000, 0x0000023800ba0000, 0x0000023807530000]
CodeHeap 'non-nmethods': size=5760Kb used=1207Kb max_used=1287Kb free=4552Kb
 bounds [0x0000023807530000, 0x00000238077a0000, 0x0000023807ad0000]
 total_blobs=5693 nmethods=5186 adapters=419
 compilation: enabled
              stopped_count=0, restarted_count=0
 full_count=0

Compilation events (20 events):
Event: 6.242 Thread 0x00000238157f4430 nmethod 6057 0x000002380006be10 code [0x000002380006bfc0, 0x000002380006c168]
Event: 6.242 Thread 0x00000238157f4430 6058       3       sun.net.www.protocol.jar.JarURLConnection::<init> (44 bytes)
Event: 6.242 Thread 0x00000238157f4430 nmethod 6058 0x00000238001b7d10 code [0x00000238001b7f00, 0x00000238001b8538]
Event: 6.242 Thread 0x00000238157f4430 6059       3       sun.net.www.protocol.jar.JarURLConnection::getInputStream (97 bytes)
Event: 6.243 Thread 0x00000238157f4430 nmethod 6059 0x0000023800b09190 code [0x0000023800b09440, 0x0000023800b0a188]
Event: 6.249 Thread 0x00000238157f4430 6060       3       sun.net.www.MessageHeader::grow (92 bytes)
Event: 6.250 Thread 0x00000238157f4430 nmethod 6060 0x0000023800a12690 code [0x0000023800a12860, 0x0000023800a12df8]
Event: 6.278 Thread 0x00000238157f4430 6061       3       java.io.FilterInputStream::close (8 bytes)
Event: 6.278 Thread 0x00000238157f4430 nmethod 6061 0x00000238001b7790 code [0x00000238001b7940, 0x00000238001b7b08]
Event: 6.280 Thread 0x00000238157f4430 6062   !   3       sun.net.www.protocol.jar.JarURLConnection$JarURLInputStream::close (51 bytes)
Event: 6.281 Thread 0x00000238157f4430 nmethod 6062 0x0000023800a53410 code [0x0000023800a53620, 0x0000023800a53d48]
Event: 6.281 Thread 0x00000238157f4430 6063       3       sun.net.www.protocol.jar.URLJarFile$URLJarFileEntry::<init> (16 bytes)
Event: 6.282 Thread 0x00000238157f4430 nmethod 6063 0x0000023800a11f90 code [0x0000023800a12160, 0x0000023800a12548]
Event: 6.282 Thread 0x00000238157f4430 6064       3       java.util.jar.JarEntry::<init> (30 bytes)
Event: 6.282 Thread 0x00000238157f4430 nmethod 6064 0x0000023800a52d90 code [0x0000023800a52f40, 0x0000023800a53228]
Event: 6.286 Thread 0x00000238157f4430 6066       3       java.net.URI::toURL (5 bytes)
Event: 6.287 Thread 0x00000238157f4430 nmethod 6066 0x0000023800b08e10 code [0x0000023800b08fa0, 0x0000023800b090c8]
Event: 6.287 Thread 0x00000238157f4430 6067       3       java.net.URL::fromURI (143 bytes)
Event: 6.288 Thread 0x00000238157f4430 nmethod 6067 0x0000023800080690 code [0x0000023800080960, 0x00000238000816c8]
Event: 6.298 Thread 0x00000238157f4430 6068       3       lombok.launch.ClassFileMetaData::<init> (283 bytes)

GC Heap History (15 events):
Event: 0.709 GC heap before
{Heap before GC invocations=0 (full 0):
 garbage-first heap   total 129024K, used 23552K [0x0000000082600000, 0x0000000100000000)
  region size 1024K, 23 young (23552K), 0 survivors (0K)
 Metaspace       used 5387K, committed 5568K, reserved 1114112K
  class space    used 654K, committed 768K, reserved 1048576K
}
Event: 0.713 GC heap after
{Heap after GC invocations=1 (full 0):
 garbage-first heap   total 129024K, used 3637K [0x0000000082600000, 0x0000000100000000)
  region size 1024K, 3 young (3072K), 3 survivors (3072K)
 Metaspace       used 5387K, committed 5568K, reserved 1114112K
  class space    used 654K, committed 768K, reserved 1048576K
}
Event: 1.259 GC heap before
{Heap before GC invocations=1 (full 0):
 garbage-first heap   total 129024K, used 35381K [0x0000000082600000, 0x0000000100000000)
  region size 1024K, 34 young (34816K), 3 survivors (3072K)
 Metaspace       used 9552K, committed 9792K, reserved 1114112K
  class space    used 1164K, committed 1280K, reserved 1048576K
}
Event: 1.265 GC heap after
{Heap after GC invocations=2 (full 0):
 garbage-first heap   total 129024K, used 5479K [0x0000000082600000, 0x0000000100000000)
  region size 1024K, 2 young (2048K), 2 survivors (2048K)
 Metaspace       used 9552K, committed 9792K, reserved 1114112K
  class space    used 1164K, committed 1280K, reserved 1048576K
}
Event: 2.754 GC heap before
{Heap before GC invocations=2 (full 0):
 garbage-first heap   total 129024K, used 80231K [0x0000000082600000, 0x0000000100000000)
  region size 1024K, 75 young (76800K), 2 survivors (2048K)
 Metaspace       used 15480K, committed 15680K, reserved 1114112K
  class space    used 1857K, committed 1920K, reserved 1048576K
}
Event: 2.773 GC heap after
{Heap after GC invocations=3 (full 0):
 garbage-first heap   total 129024K, used 12892K [0x0000000082600000, 0x0000000100000000)
  region size 1024K, 10 young (10240K), 10 survivors (10240K)
 Metaspace       used 15480K, committed 15680K, reserved 1114112K
  class space    used 1857K, committed 1920K, reserved 1048576K
}
Event: 3.984 GC heap before
{Heap before GC invocations=3 (full 0):
 garbage-first heap   total 129024K, used 110172K [0x0000000082600000, 0x0000000100000000)
  region size 1024K, 74 young (75776K), 10 survivors (10240K)
 Metaspace       used 17406K, committed 17728K, reserved 1114112K
  class space    used 2024K, committed 2176K, reserved 1048576K
}
Event: 4.000 GC heap after
{Heap after GC invocations=4 (full 0):
 garbage-first heap   total 129024K, used 15892K [0x0000000082600000, 0x0000000100000000)
  region size 1024K, 4 young (4096K), 4 survivors (4096K)
 Metaspace       used 17406K, committed 17728K, reserved 1114112K
  class space    used 2024K, committed 2176K, reserved 1048576K
}
Event: 4.611 GC heap before
{Heap before GC invocations=4 (full 0):
 garbage-first heap   total 129024K, used 36372K [0x0000000082600000, 0x0000000100000000)
  region size 1024K, 21 young (21504K), 4 survivors (4096K)
 Metaspace       used 21152K, committed 21504K, reserved 1114112K
  class space    used 2485K, committed 2688K, reserved 1048576K
}
Event: 4.625 GC heap after
{Heap after GC invocations=5 (full 0):
 garbage-first heap   total 129024K, used 23110K [0x0000000082600000, 0x0000000100000000)
  region size 1024K, 7 young (7168K), 7 survivors (7168K)
 Metaspace       used 21152K, committed 21504K, reserved 1114112K
  class space    used 2485K, committed 2688K, reserved 1048576K
}
Event: 5.387 GC heap before
{Heap before GC invocations=6 (full 0):
 garbage-first heap   total 81920K, used 65094K [0x0000000082600000, 0x0000000100000000)
  region size 1024K, 48 young (49152K), 7 survivors (7168K)
 Metaspace       used 25630K, committed 25920K, reserved 1114112K
  class space    used 2987K, committed 3136K, reserved 1048576K
}
Event: 5.435 GC heap after
{Heap after GC invocations=7 (full 0):
 garbage-first heap   total 87040K, used 34685K [0x0000000082600000, 0x0000000100000000)
  region size 1024K, 6 young (6144K), 6 survivors (6144K)
 Metaspace       used 25630K, committed 25920K, reserved 1114112K
  class space    used 2987K, committed 3136K, reserved 1048576K
}
Event: 5.450 GC heap before
{Heap before GC invocations=7 (full 0):
 garbage-first heap   total 87040K, used 35709K [0x0000000082600000, 0x0000000100000000)
  region size 1024K, 7 young (7168K), 6 survivors (6144K)
 Metaspace       used 25631K, committed 25920K, reserved 1114112K
  class space    used 2987K, committed 3136K, reserved 1048576K
}
Event: 5.474 GC heap after
{Heap after GC invocations=8 (full 0):
 garbage-first heap   total 87040K, used 36352K [0x0000000082600000, 0x0000000100000000)
  region size 1024K, 1 young (1024K), 1 survivors (1024K)
 Metaspace       used 25631K, committed 25920K, reserved 1114112K
  class space    used 2987K, committed 3136K, reserved 1048576K
}
Event: 6.299 GC heap before
{Heap before GC invocations=8 (full 0):
 garbage-first heap   total 87040K, used 61952K [0x0000000082600000, 0x0000000100000000)
  region size 1024K, 26 young (26624K), 1 survivors (1024K)
 Metaspace       used 27014K, committed 27328K, reserved 1114112K
  class space    used 3114K, committed 3264K, reserved 1048576K
}

Deoptimization events (20 events):
Event: 5.741 Thread 0x0000023875870f30 DEOPT PACKING pc=0x0000023807b2b1e8 sp=0x000000dba27fadf0
Event: 5.741 Thread 0x0000023875870f30 DEOPT UNPACKING pc=0x00000238075823a3 sp=0x000000dba27fad68 mode 2
Event: 5.846 Thread 0x0000023875870f30 DEOPT PACKING pc=0x0000023800a4af3c sp=0x000000dba27fc180
Event: 5.846 Thread 0x0000023875870f30 DEOPT UNPACKING pc=0x0000023807582b43 sp=0x000000dba27fb700 mode 0
Event: 5.904 Thread 0x0000023875870f30 Uncommon trap: trap_request=0xffffffde fr.pc=0x0000023807c725a0 relative=0x00000000000007c0
Event: 5.904 Thread 0x0000023875870f30 Uncommon trap: reason=class_check action=maybe_recompile pc=0x0000023807c725a0 method=java.util.HashMap.computeIfAbsent(Ljava/lang/Object;Ljava/util/function/Function;)Ljava/lang/Object; @ 142 c2
Event: 5.904 Thread 0x0000023875870f30 DEOPT PACKING pc=0x0000023807c725a0 sp=0x000000dba27fc830
Event: 5.904 Thread 0x0000023875870f30 DEOPT UNPACKING pc=0x00000238075823a3 sp=0x000000dba27fc7e8 mode 2
Event: 6.020 Thread 0x0000023875870f30 Uncommon trap: trap_request=0xffffff45 fr.pc=0x0000023807c26d18 relative=0x00000000000004d8
Event: 6.020 Thread 0x0000023875870f30 Uncommon trap: reason=unstable_if action=reinterpret pc=0x0000023807c26d18 method=java.util.HashMap.hash(Ljava/lang/Object;)I @ 1 c2
Event: 6.020 Thread 0x0000023875870f30 DEOPT PACKING pc=0x0000023807c26d18 sp=0x000000dba27fb8e0
Event: 6.020 Thread 0x0000023875870f30 DEOPT UNPACKING pc=0x00000238075823a3 sp=0x000000dba27fb718 mode 2
Event: 6.045 Thread 0x0000023875870f30 Uncommon trap: trap_request=0xffffff45 fr.pc=0x0000023807b6c4d8 relative=0x0000000000001238
Event: 6.045 Thread 0x0000023875870f30 Uncommon trap: reason=unstable_if action=reinterpret pc=0x0000023807b6c4d8 method=jdk.internal.jimage.ImageStringsReader.stringFromByteBufferMatches(Ljava/nio/ByteBuffer;ILjava/lang/String;I)I @ 48 c2
Event: 6.045 Thread 0x0000023875870f30 DEOPT PACKING pc=0x0000023807b6c4d8 sp=0x000000dba27fbd40
Event: 6.045 Thread 0x0000023875870f30 DEOPT UNPACKING pc=0x00000238075823a3 sp=0x000000dba27fba88 mode 2
Event: 6.077 Thread 0x0000023875870f30 Uncommon trap: trap_request=0xffffff45 fr.pc=0x0000023807b2d024 relative=0x0000000000001864
Event: 6.077 Thread 0x0000023875870f30 Uncommon trap: reason=unstable_if action=reinterpret pc=0x0000023807b2d024 method=java.util.regex.Pattern.closure(Ljava/util/regex/Pattern$Node;)Ljava/util/regex/Pattern$Node; @ 6 c2
Event: 6.077 Thread 0x0000023875870f30 DEOPT PACKING pc=0x0000023807b2d024 sp=0x000000dba27fc140
Event: 6.077 Thread 0x0000023875870f30 DEOPT UNPACKING pc=0x00000238075823a3 sp=0x000000dba27fc078 mode 2

Classes unloaded (0 events):
No events

Classes redefined (0 events):
No events

Internal exceptions (20 events):
Event: 5.858 Thread 0x0000023875870f30 Exception <a 'sun/nio/fs/WindowsException'{0x00000000868dfdc8}> (0x00000000868dfdc8) 
thrown [s\open\src\hotspot\share\prims\jni.cpp, line 516]
Event: 5.858 Thread 0x0000023875870f30 Exception <a 'sun/nio/fs/WindowsException'{0x00000000868e1240}> (0x00000000868e1240) 
thrown [s\open\src\hotspot\share\prims\jni.cpp, line 516]
Event: 5.858 Thread 0x0000023875870f30 Exception <a 'sun/nio/fs/WindowsException'{0x00000000868e1598}> (0x00000000868e1598) 
thrown [s\open\src\hotspot\share\prims\jni.cpp, line 516]
Event: 5.859 Thread 0x0000023875870f30 Exception <a 'sun/nio/fs/WindowsException'{0x00000000868e4d80}> (0x00000000868e4d80) 
thrown [s\open\src\hotspot\share\prims\jni.cpp, line 516]
Event: 5.859 Thread 0x0000023875870f30 Exception <a 'sun/nio/fs/WindowsException'{0x00000000868e5070}> (0x00000000868e5070) 
thrown [s\open\src\hotspot\share\prims\jni.cpp, line 516]
Event: 5.860 Thread 0x0000023875870f30 Exception <a 'sun/nio/fs/WindowsException'{0x00000000868e8bc8}> (0x00000000868e8bc8) 
thrown [s\open\src\hotspot\share\prims\jni.cpp, line 516]
Event: 5.860 Thread 0x0000023875870f30 Exception <a 'sun/nio/fs/WindowsException'{0x00000000868e8e68}> (0x00000000868e8e68) 
thrown [s\open\src\hotspot\share\prims\jni.cpp, line 516]
Event: 5.861 Thread 0x0000023875870f30 Exception <a 'sun/nio/fs/WindowsException'{0x00000000868f22a8}> (0x00000000868f22a8) 
thrown [s\open\src\hotspot\share\prims\jni.cpp, line 516]
Event: 5.861 Thread 0x0000023875870f30 Exception <a 'sun/nio/fs/WindowsException'{0x00000000868f2590}> (0x00000000868f2590) 
thrown [s\open\src\hotspot\share\prims\jni.cpp, line 516]
Event: 5.861 Thread 0x0000023875870f30 Exception <a 'sun/nio/fs/WindowsException'{0x00000000868f3a10}> (0x00000000868f3a10) 
thrown [s\open\src\hotspot\share\prims\jni.cpp, line 516]
Event: 5.861 Thread 0x0000023875870f30 Exception <a 'sun/nio/fs/WindowsException'{0x00000000868f3d80}> (0x00000000868f3d80) 
thrown [s\open\src\hotspot\share\prims\jni.cpp, line 516]
Event: 5.894 Thread 0x0000023875870f30 Exception <a 'sun/nio/fs/WindowsException'{0x000000008678a530}> (0x000000008678a530) 
thrown [s\open\src\hotspot\share\prims\jni.cpp, line 516]
Event: 5.894 Thread 0x0000023875870f30 Exception <a 'sun/nio/fs/WindowsException'{0x000000008678a7e8}> (0x000000008678a7e8) 
thrown [s\open\src\hotspot\share\prims\jni.cpp, line 516]
Event: 5.895 Thread 0x0000023875870f30 Exception <a 'sun/nio/fs/WindowsException'{0x0000000086791f08}> (0x0000000086791f08) 
thrown [s\open\src\hotspot\share\prims\jni.cpp, line 516]
Event: 5.895 Thread 0x0000023875870f30 Exception <a 'sun/nio/fs/WindowsException'{0x0000000086792170}> (0x0000000086792170) 
thrown [s\open\src\hotspot\share\prims\jni.cpp, line 516]
Event: 5.895 Thread 0x0000023875870f30 Exception <a 'sun/nio/fs/WindowsException'{0x00000000867a4cf0}> (0x00000000867a4cf0) 
thrown [s\open\src\hotspot\share\prims\jni.cpp, line 516]
Event: 5.895 Thread 0x0000023875870f30 Exception <a 'sun/nio/fs/WindowsException'{0x00000000867a4fa0}> (0x00000000867a4fa0) 
thrown [s\open\src\hotspot\share\prims\jni.cpp, line 516]
Event: 5.895 Thread 0x0000023875870f30 Exception <a 'sun/nio/fs/WindowsException'{0x00000000867a6940}> (0x00000000867a6940) 
thrown [s\open\src\hotspot\share\prims\jni.cpp, line 516]
Event: 5.896 Thread 0x0000023875870f30 Exception <a 'sun/nio/fs/WindowsException'{0x00000000867a6c70}> (0x00000000867a6c70) 
thrown [s\open\src\hotspot\share\prims\jni.cpp, line 516]
Event: 6.020 Thread 0x0000023875870f30 Implicit null exception at 0x0000023807c268af to 0x0000023807c26cfc

VM Operations (20 events):
Event: 5.239 Executing VM operation: HandshakeAllThreads done
Event: 5.314 Executing VM operation: HandshakeAllThreads
Event: 5.314 Executing VM operation: HandshakeAllThreads done
Event: 5.338 Executing VM operation: HandshakeAllThreads
Event: 5.338 Executing VM operation: HandshakeAllThreads done
Event: 5.348 Executing VM operation: ICBufferFull
Event: 5.348 Executing VM operation: ICBufferFull done
Event: 5.353 Executing VM operation: HandshakeAllThreads
Event: 5.353 Executing VM operation: HandshakeAllThreads done
Event: 5.387 Executing VM operation: G1CollectForAllocation
Event: 5.435 Executing VM operation: G1CollectForAllocation done
Event: 5.450 Executing VM operation: G1CollectForAllocation
Event: 5.474 Executing VM operation: G1CollectForAllocation done
Event: 5.508 Executing VM operation: HandshakeAllThreads
Event: 5.508 Executing VM operation: HandshakeAllThreads done
Event: 5.834 Executing VM operation: ICBufferFull
Event: 5.834 Executing VM operation: ICBufferFull done
Event: 5.923 Executing VM operation: HandshakeAllThreads
Event: 5.923 Executing VM operation: HandshakeAllThreads done
Event: 6.299 Executing VM operation: G1CollectForAllocation

Events (20 events):
Event: 5.950 loading class java/util/WeakHashMap$EntrySet
Event: 5.950 loading class java/util/WeakHashMap$EntrySet done
Event: 5.950 loading class java/util/WeakHashMap$EntryIterator
Event: 5.950 loading class java/util/WeakHashMap$HashIterator
Event: 5.951 loading class java/util/WeakHashMap$HashIterator done
Event: 5.951 loading class java/util/WeakHashMap$EntryIterator done
Event: 5.951 loading class java/util/zip/ZipFile$ZipEntryIterator
Event: 5.951 loading class java/util/zip/ZipFile$ZipEntryIterator done
Event: 5.977 loading class jdk/internal/module/IllegalAccessLogger
Event: 5.977 loading class jdk/internal/module/IllegalAccessLogger done
Event: 6.033 loading class java/lang/LayerInstantiationException
Event: 6.034 loading class java/lang/LayerInstantiationException done
Event: 6.034 loading class jdk/internal/loader/Loader
Event: 6.034 loading class jdk/internal/loader/Loader done
Event: 6.036 loading class java/lang/Class$EnclosingMethodInfo
Event: 6.036 loading class java/lang/Class$EnclosingMethodInfo done
Event: 6.089 loading class java/util/regex/Pattern$1
Event: 6.090 loading class java/util/regex/Pattern$1 done
Event: 6.204 loading class java/text/BreakIterator
Event: 6.204 loading class java/text/BreakIterator done


Dynamic libraries:
0x00007ff66af10000 - 0x00007ff66af20000 	C:\Program Files\Java\jdk-17\bin\java.exe
0x00007ff953e00000 - 0x00007ff954067000 	C:\WINDOWS\SYSTEM32\ntdll.dll
0x00007ff952410000 - 0x00007ff9524d9000 	C:\WINDOWS\System32\KERNEL32.DLL
0x00007ff951450000 - 0x00007ff951840000 	C:\WINDOWS\System32\KERNELBASE.dll
0x00007ff951900000 - 0x00007ff951a4b000 	C:\WINDOWS\System32\ucrtbase.dll
0x00007ff923c20000 - 0x00007ff923c39000 	C:\Program Files\Java\jdk-17\bin\jli.dll
0x00007ff923b50000 - 0x00007ff923b6b000 	C:\Program Files\Java\jdk-17\bin\VCRUNTIME140.dll
0x00007ff952350000 - 0x00007ff952404000 	C:\WINDOWS\System32\ADVAPI32.dll
0x00007ff952fe0000 - 0x00007ff953089000 	C:\WINDOWS\System32\msvcrt.dll
0x00007ff953cc0000 - 0x00007ff953d66000 	C:\WINDOWS\System32\sechost.dll
0x00007ff9530e0000 - 0x00007ff9531f8000 	C:\WINDOWS\System32\RPCRT4.dll
0x00007ff953200000 - 0x00007ff9533c5000 	C:\WINDOWS\System32\USER32.dll
0x00007ff950f30000 - 0x00007ff950f57000 	C:\WINDOWS\System32\win32u.dll
0x00007ff939600000 - 0x00007ff93989a000 	C:\WINDOWS\WinSxS\amd64_microsoft.windows.common-controls_6595b64144ccf1df_6.0.26100.4768_none_3e0c112ce331287c\COMCTL32.dll
0x00007ff952680000 - 0x00007ff9526ab000 	C:\WINDOWS\System32\GDI32.dll
0x00007ff951a50000 - 0x00007ff951b88000 	C:\WINDOWS\System32\gdi32full.dll
0x00007ff951850000 - 0x00007ff9518f3000 	C:\WINDOWS\System32\msvcp_win.dll
0x00007ff9468c0000 - 0x00007ff9468cb000 	C:\WINDOWS\SYSTEM32\VERSION.dll
0x00007ff953d70000 - 0x00007ff953d9f000 	C:\WINDOWS\System32\IMM32.DLL
0x00007ff948340000 - 0x00007ff94834c000 	C:\Program Files\Java\jdk-17\bin\vcruntime140_1.dll
0x00007ff9194a0000 - 0x00007ff91952e000 	C:\Program Files\Java\jdk-17\bin\msvcp140.dll
0x00007ff8cd3e0000 - 0x00007ff8cdfc0000 	C:\Program Files\Java\jdk-17\bin\server\jvm.dll
0x00007ff952090000 - 0x00007ff952098000 	C:\WINDOWS\System32\PSAPI.DLL
0x00007ff94bb20000 - 0x00007ff94bb55000 	C:\WINDOWS\SYSTEM32\WINMM.dll
0x00007ff9483d0000 - 0x00007ff9483da000 	C:\WINDOWS\SYSTEM32\WSOCK32.dll
0x00007ff952f60000 - 0x00007ff952fd4000 	C:\WINDOWS\System32\WS2_32.dll
0x00007ff94fc70000 - 0x00007ff94fc8b000 	C:\WINDOWS\SYSTEM32\kernel.appcore.dll
0x00007ff9482b0000 - 0x00007ff9482ba000 	C:\Program Files\Java\jdk-17\bin\jimage.dll
0x00007ff94e5a0000 - 0x00007ff94e7e1000 	C:\WINDOWS\SYSTEM32\DBGHELP.DLL
0x00007ff952bd0000 - 0x00007ff952f55000 	C:\WINDOWS\System32\combase.dll
0x00007ff9520b0000 - 0x00007ff952190000 	C:\WINDOWS\System32\OLEAUT32.dll
0x00007ff938a30000 - 0x00007ff938a73000 	C:\WINDOWS\SYSTEM32\dbgcore.DLL
0x00007ff950f60000 - 0x00007ff950ff9000 	C:\WINDOWS\System32\bcryptPrimitives.dll
0x00007ff920280000 - 0x00007ff9202a5000 	C:\Program Files\Java\jdk-17\bin\java.dll
0x00007ff8fd2c0000 - 0x00007ff8fd397000 	C:\Program Files\Java\jdk-17\bin\jsvml.dll
0x00007ff9533d0000 - 0x00007ff953b1d000 	C:\WINDOWS\System32\SHELL32.dll
0x00007ff951210000 - 0x00007ff951383000 	C:\WINDOWS\System32\wintypes.dll
0x00007ff94eaf0000 - 0x00007ff94f350000 	C:\WINDOWS\SYSTEM32\windows.storage.dll
0x00007ff952570000 - 0x00007ff952665000 	C:\WINDOWS\System32\SHCORE.dll
0x00007ff9526d0000 - 0x00007ff95273a000 	C:\WINDOWS\System32\shlwapi.dll
0x00007ff950e50000 - 0x00007ff950e79000 	C:\WINDOWS\SYSTEM32\profapi.dll
0x00007ff920260000 - 0x00007ff920279000 	C:\Program Files\Java\jdk-17\bin\net.dll
0x00007ff948f50000 - 0x00007ff94906e000 	C:\WINDOWS\SYSTEM32\WINHTTP.dll
0x00007ff9501e0000 - 0x00007ff95024b000 	C:\WINDOWS\system32\mswsock.dll
0x00007ff9201e0000 - 0x00007ff9201f6000 	C:\Program Files\Java\jdk-17\bin\nio.dll
0x00007ff91f2e0000 - 0x00007ff91f2f8000 	C:\Program Files\Java\jdk-17\bin\zip.dll
0x00007ff91ed20000 - 0x00007ff91ed44000 	C:\Users\Hp\.m2\wrapper\dists\apache-maven-3.9.10\a38810a491b03367137adfdfbe7d14c4\lib\jansi-native\Windows\x86_64\jansi.dll
0x00007ff9481a0000 - 0x00007ff9481b0000 	C:\Program Files\Java\jdk-17\bin\verify.dll

dbghelp: loaded successfully - version: 4.0.5 - missing functions: none
symbol engine: initialized successfully - sym options: 0x614 - pdb path: .;C:\Program Files\Java\jdk-17\bin;C:\WINDOWS\SYSTEM32;C:\WINDOWS\WinSxS\amd64_microsoft.windows.common-controls_6595b64144ccf1df_6.0.26100.4768_none_3e0c112ce331287c;C:\Program Files\Java\jdk-17\bin\server;C:\Users\Hp\.m2\wrapper\dists\apache-maven-3.9.10\a38810a491b03367137adfdfbe7d14c4\lib\jansi-native\Windows\x86_64

VM Arguments:
jvm_args: --enable-native-access=ALL-UNNAMED -Dclassworlds.conf=C:\Users\Hp\.m2\wrapper\dists\apache-maven-3.9.10\a38810a491b03367137adfdfbe7d14c4\bin\m2.conf -Dmaven.home=C:\Users\Hp\.m2\wrapper\dists\apache-maven-3.9.10\a38810a491b03367137adfdfbe7d14c4 -Dlibrary.jansi.path=C:\Users\Hp\.m2\wrapper\dists\apache-maven-3.9.10\a38810a491b03367137adfdfbe7d14c4\lib\jansi-native -Dmaven.multiModuleProjectDirectory=C:\backend\backend 
java_command: org.codehaus.plexus.classworlds.launcher.Launcher spring-boot:run
java_class_path (initial): C:\Users\Hp\.m2\wrapper\dists\apache-maven-3.9.10\a38810a491b03367137adfdfbe7d14c4\boot\plexus-classworlds-2.9.0.jar
Launcher Type: SUN_STANDARD

[Global flags]
     intx CICompilerCount                          = 4                                         {product} {ergonomic}
     uint ConcGCThreads                            = 2                                         {product} {ergonomic}
     uint G1ConcRefinementThreads                  = 8                                         {product} {ergonomic}
   size_t G1HeapRegionSize                         = 1048576                                   {product} {ergonomic}
    uintx GCDrainStackTargetSize                   = 64                                        {product} {ergonomic}
   size_t InitialHeapSize                          = 132120576                                 {product} {ergonomic}
   size_t MarkStackSize                            = 4194304                                   {product} {ergonomic}
   size_t MaxHeapSize                              = 2107637760                                {product} {ergonomic}
   size_t MaxNewSize                               = 1264582656                                {product} {ergonomic}
   size_t MinHeapDeltaBytes                        = 1048576                                   {product} {ergonomic}
   size_t MinHeapSize                              = 8388608                                   {product} {ergonomic}
    uintx NonNMethodCodeHeapSize                   = 5839372                                {pd product} {ergonomic}
    uintx NonProfiledCodeHeapSize                  = 122909434                              {pd product} {ergonomic}
    uintx ProfiledCodeHeapSize                     = 122909434                              {pd product} {ergonomic}
    uintx ReservedCodeCacheSize                    = 251658240                              {pd product} {ergonomic}
     bool SegmentedCodeCache                       = true                                      {product} {ergonomic}
   size_t SoftMaxHeapSize                          = 2107637760                             {manageable} {ergonomic}
     bool UseCompressedClassPointers               = true                           {product lp64_product} {ergonomic}
     bool UseCompressedOops                        = true                           {product lp64_product} {ergonomic}
     bool UseG1GC                                  = true                                      {product} {ergonomic}
     bool UseLargePagesIndividualAllocation        = false                                  {pd product} {ergonomic}

Logging:
Log output configuration:
 #0: stdout all=warning uptime,level,tags
 #1: stderr all=off uptime,level,tags

Environment Variables:
JAVA_HOME=C:\Program Files\Java\jdk-17
PATH=C:\Program Files\Common Files\Oracle\Java\javapath;C:\Program Files (x86)\Common Files\Oracle\Java\javapath;C:\Program Files\Eclipse Adoptium\jdk-17.0.14.7-hotspot\bin;C:\Python312\Scripts\;C:\Python312\;C:\WINDOWS\system32;C:\WINDOWS;C:\WINDOWS\System32\Wbem;C:\WINDOWS\System32\WindowsPowerShell\v1.0\;C:\WINDOWS\System32\OpenSSH\;C:\Program Files\Microsoft SQL Server\150\Tools\Binn\;C:\Program Files\nodejs\;C:\ProgramData\chocolatey\bin;C:\Program Files\Java\jdk-17\bin;C:\Program Files\gradle-8.14.1-bin\gradle-8.14.1\bin;C:\Program Files\apache-maven-3.9.9-bin\apache-maven-3.9.9\bin;C:\Program Files\MySQL\MySQL Server 8.0\bin;C:\Program Files\cursor\resources\app\bin;C:\Program Files\MySQL\MySQL Shell 8.0\bin\;C:\Users\Hp\AppData\Local\Programs\Python\Python313\Scripts\;C:\Users\Hp\AppData\Local\Programs\Python\Python313\;C:\Users\Hp\AppData\Local\Programs\Python\Launcher\;C:\Users\Hp\AppData\Local\Microsoft\WindowsApps;C:\Users\Hp\AppData\Roaming\npm;C:\Users\Hp\AppData\Local\Programs\Microsoft VS Code\bin;C:\Program Files\JetBrains\IntelliJ IDEA Community Edition 2025.2.1\bin
USERNAME=Hp
OS=Windows_NT
PROCESSOR_IDENTIFIER=Intel64 Family 6 Model 142 Stepping 10, GenuineIntel



---------------  S Y S T E M  ---------------

OS:
 Windows 11 , 64 bit Build 26100 (10.0.26100.4768)
OS uptime: 0 days 14:35 hours
Hyper-V role detected

CPU: total 8 (initial active 8) (4 cores per cpu, 2 threads per core) family 6 model 142 stepping 10 microcode 0xf6, cx8, cmov, fxsr, ht, mmx, 3dnowpref, sse, sse2, sse3, ssse3, sse4.1, sse4.2, popcnt, lzcnt, tsc, tscinvbit, avx, avx2, aes, erms, clmul, bmi1, bmi2, rtm, adx, fma, vzeroupper, clflush, clflushopt, hv

Memory: 4k page, system-wide physical 8035M (1273M free)
TotalPageFile size 20936M (AvailPageFile size 4M)
current process WorkingSet (physical memory assigned to process): 246M, peak: 253M
current process commit charge ("private bytes"): 326M, peak: 391M

vm_info: Java HotSpot(TM) 64-Bit Server VM (17.0.12+8-LTS-286) for windows-amd64 JRE (17.0.12+8-LTS-286), built on Jun  5 2024 06:46:59 by "mach5one" with MS VC++ 17.6 (VS2022)

END.
